<?xml version="1.0" encoding="UTF-8"?>
<!-- Generated by org.testng.reporters.JUnitReportReporter -->
<testsuite hostname="Yathirv" failures="0" tests="2" name="Academy.homePage" time="11.056" errors="0" timestamp="2022-02-02T18:30:37 IST" skipped="0">
  <testcase classname="Academy.homePage" name="basePageNavigation" time="6.024"/>
  <system-out/>
  <testcase classname="Academy.homePage" name="basePageNavigation" time="5.032"/>
  <system-out/>
</testsuite> <!-- Academy.homePage -->
