<?xml version="1.0" encoding="UTF-8"?>
<!-- Generated by org.testng.reporters.JUnitReportReporter -->
<testsuite hostname="Yathirv" failures="0" tests="2" name="cucumberOptions.TestRunner" time="43.161" errors="0" timestamp="2022-02-01T19:29:47 IST" skipped="0">
  <testcase classname="cucumberOptions.TestRunner" name="runScenario" time="21.381"/>
  <system-out/>
  <testcase classname="cucumberOptions.TestRunner" name="runScenario" time="21.780"/>
  <system-out/>
</testsuite> <!-- cucumberOptions.TestRunner -->
