<?xml version="1.0" encoding="UTF-8"?>
<!-- Generated by org.testng.reporters.JUnitReportReporter -->
<testsuite hostname="Yathirv" failures="0" tests="2" name="Academy.validation" time="0.075" errors="0" timestamp="2022-02-01T19:28:07 IST" skipped="0">
  <testcase classname="Academy.validation" name="validationTitle" time="0.046"/>
  <system-out/>
  <testcase classname="Academy.validation" name="validateHeader" time="0.029"/>
  <system-out/>
</testsuite> <!-- Academy.validation -->
